<?xml version="1.0" encoding="UTF-8"?>
<testsuites name="Visual Testing" time="13.539" tests="1" failures="0" errors="0">
   <testsuite name="Visual Testing" tests="1" failures="0" errors="0" time="13.539" skipped="0" timestamp="15-01-2025T19:42:10" hostname="shres - ShreshtiYemla" id="Test Suites/Visual Testing">
      <properties>
         <property name="deviceName" value=""/>
         <property name="devicePlatform"/>
         <property name="logFolder" value="C:\\Users\\shres\\git\\Katalon_TestProject\\Reports\\20250115_194204\\Visual Testing\\20250115_194204"/>
         <property name="logFiles" value="C:\\Users\\shres\\git\\Katalon_TestProject\\Reports\\20250115_194204\\Visual Testing\\20250115_194204\\execution0.log"/>
         <property name="attachments" value="keyes\keyes-Login Page.png, keyes\keyes-Login_Page_Validation.png, keyes\keyes-Appointment_Validation.png, keyes\keyes-Appointment_Confirmation.png"/>
         <property name="hostName" value="shres - ShreshtiYemla"/>
         <property name="os" value="Windows 11 64bit"/>
         <property name="katalonVersion" value="9.6.0.217"/>
         <property name="browser" value="Chrome 131.0.0.0"/>
         <property name="hostAddress" value="172.16.16.69"/>
         <property name="sessionId" value="3a338e8a950715e4844a4c8b5019e920"/>
         <property name="seleniumVersion" value="3.141.59"/>
         <property name="proxyInformation" value="ProxyInformation { proxyOption=NO_PROXY, proxyServerType=HTTP, username=, password=********, proxyServerAddress=, proxyServerPort=0, executionList=&quot;&quot;, isApplyToDesiredCapabilities=true }"/>
         <property name="platform" value="Windows 11"/>
      </properties>
      <testcase name="Test Cases/Visual Testing" time="13.397" classname="Test Cases/Visual Testing" status="PASSED">
         <system-out><![CDATA[15-01-2025T19:42:10 - [TEST_CASE][PASSED] - Test Cases/Visual Testing: Test Cases/Visual Testing

15-01-2025T19:42:10 - [TEST_STEP][PASSED] - openBrowser(""): Browser is opened with url: ''

15-01-2025T19:42:11 - [MESSAGE][INFO] - Starting 'Chrome' driver

15-01-2025T19:42:11 - [MESSAGE][INFO] - Action delay is set to 0 milliseconds

15-01-2025T19:42:12 - [MESSAGE][PASSED] - Browser is opened with url: ''

15-01-2025T19:42:12 - [TEST_STEP][PASSED] - navigateToUrl("https://katalon-demo-cura.herokuapp.com/"): Navigate to 'https://katalon-demo-cura.herokuapp.com/' successfully

15-01-2025T19:42:15 - [MESSAGE][PASSED] - Navigate to 'https://katalon-demo-cura.herokuapp.com/' successfully

15-01-2025T19:42:15 - [TEST_STEP][PASSED] - click(findTestObject("Object Repository/Visual Testing/Page_CURA Healthcare Service/a_Make Appointment")): Object: 'Object Repository/Visual Testing/Page_CURA Healthcare Service/a_Make Appointment' is clicked on

15-01-2025T19:42:15 - [MESSAGE][PASSED] - Object: 'Object Repository/Visual Testing/Page_CURA Healthcare Service/a_Make Appointment' is clicked on

15-01-2025T19:42:15 - [TEST_STEP][PASSED] - takeScreenshotAsCheckpoint("Login Page"): Taking screenshot successfully

15-01-2025T19:42:16 - [MESSAGE][INFO] - 0 hidden object(s)

15-01-2025T19:42:16 - [MESSAGE][PASSED] - Taking screenshot successfully
[[ATTACHMENT|keyes\keyes-Login Page.png]]

15-01-2025T19:42:16 - [TEST_STEP][PASSED] - setText(findTestObject("Object Repository/Visual Testing/Page_CURA Healthcare Service/input_Username_username"), "John Doe"): Text 'John Doe' is set on object 'Object Repository/Visual Testing/Page_CURA Healthcare Service/input_Username_username'

15-01-2025T19:42:17 - [MESSAGE][PASSED] - Text 'John Doe' is set on object 'Object Repository/Visual Testing/Page_CURA Healthcare Service/input_Username_username'

15-01-2025T19:42:17 - [TEST_STEP][PASSED] - setEncryptedText(findTestObject("Object Repository/Visual Testing/Page_CURA Healthcare Service/input_Password_password"), "g3/DOGG74jC3Flrr3yH+3D/yKbOqqUNM"): Text ****** has been set on object 'Object Repository/Visual Testing/Page_CURA Healthcare Service/input_Password_password'

15-01-2025T19:42:17 - [MESSAGE][PASSED] - Text ****** has been set on object 'Object Repository/Visual Testing/Page_CURA Healthcare Service/input_Password_password'

15-01-2025T19:42:17 - [TEST_STEP][PASSED] - takeScreenshotAsCheckpoint("Login_Page_Validation"): Taking screenshot successfully

15-01-2025T19:42:17 - [MESSAGE][INFO] - 0 hidden object(s)

15-01-2025T19:42:17 - [MESSAGE][PASSED] - Taking screenshot successfully
[[ATTACHMENT|keyes\keyes-Login_Page_Validation.png]]

15-01-2025T19:42:17 - [TEST_STEP][PASSED] - click(findTestObject("Object Repository/Visual Testing/Page_CURA Healthcare Service/button_Login")): Object: 'Object Repository/Visual Testing/Page_CURA Healthcare Service/button_Login' is clicked on

15-01-2025T19:42:18 - [MESSAGE][PASSED] - Object: 'Object Repository/Visual Testing/Page_CURA Healthcare Service/button_Login' is clicked on

15-01-2025T19:42:18 - [TEST_STEP][PASSED] - takeFullPageScreenshotAsCheckpoint("Appointment_Validation"): Taking screenshot successfully

15-01-2025T19:42:19 - [MESSAGE][INFO] - 0 hidden object(s)

15-01-2025T19:42:19 - [MESSAGE][PASSED] - Taking screenshot successfully
[[ATTACHMENT|keyes\keyes-Appointment_Validation.png]]

15-01-2025T19:42:19 - [TEST_STEP][PASSED] - click(findTestObject("Object Repository/Visual Testing/Page_CURA Healthcare Service/input_Apply for hospital readmission_hospit_63901f")): Object: 'Object Repository/Visual Testing/Page_CURA Healthcare Service/input_Apply for hospital readmission_hospit_63901f' is clicked on

15-01-2025T19:42:20 - [MESSAGE][PASSED] - Object: 'Object Repository/Visual Testing/Page_CURA Healthcare Service/input_Apply for hospital readmission_hospit_63901f' is clicked on

15-01-2025T19:42:20 - [TEST_STEP][PASSED] - click(findTestObject("Object Repository/Visual Testing/Page_CURA Healthcare Service/span_Visit Date (Required)_glyphicon glyphi_cada34")): Object: 'Object Repository/Visual Testing/Page_CURA Healthcare Service/span_Visit Date (Required)_glyphicon glyphi_cada34' is clicked on

15-01-2025T19:42:20 - [MESSAGE][PASSED] - Object: 'Object Repository/Visual Testing/Page_CURA Healthcare Service/span_Visit Date (Required)_glyphicon glyphi_cada34' is clicked on

15-01-2025T19:42:20 - [TEST_STEP][PASSED] - click(findTestObject("Object Repository/Visual Testing/Page_CURA Healthcare Service/td_30")): Object: 'Object Repository/Visual Testing/Page_CURA Healthcare Service/td_30' is clicked on

15-01-2025T19:42:20 - [MESSAGE][PASSED] - Object: 'Object Repository/Visual Testing/Page_CURA Healthcare Service/td_30' is clicked on

15-01-2025T19:42:20 - [TEST_STEP][PASSED] - setText(findTestObject("Object Repository/Visual Testing/Page_CURA Healthcare Service/textarea_Comment_comment"), "Booked for Appointment"): Text 'Booked for Appointment' is set on object 'Object Repository/Visual Testing/Page_CURA Healthcare Service/textarea_Comment_comment'

15-01-2025T19:42:21 - [MESSAGE][PASSED] - Text 'Booked for Appointment' is set on object 'Object Repository/Visual Testing/Page_CURA Healthcare Service/textarea_Comment_comment'

15-01-2025T19:42:21 - [TEST_STEP][PASSED] - click(findTestObject("Object Repository/Visual Testing/Page_CURA Healthcare Service/button_Book Appointment")): Object: 'Object Repository/Visual Testing/Page_CURA Healthcare Service/button_Book Appointment' is clicked on

15-01-2025T19:42:22 - [MESSAGE][PASSED] - Object: 'Object Repository/Visual Testing/Page_CURA Healthcare Service/button_Book Appointment' is clicked on

15-01-2025T19:42:22 - [TEST_STEP][PASSED] - takeFullPageScreenshotAsCheckpoint("Appointment_Confirmation"): Taking screenshot successfully

15-01-2025T19:42:23 - [MESSAGE][INFO] - 0 hidden object(s)

15-01-2025T19:42:23 - [MESSAGE][PASSED] - Taking screenshot successfully
[[ATTACHMENT|keyes\keyes-Appointment_Confirmation.png]]

15-01-2025T19:42:23 - [TEST_STEP][PASSED] - click(findTestObject("Object Repository/Visual Testing/Page_CURA Healthcare Service/h2_Appointment Confirmation")): Object: 'Object Repository/Visual Testing/Page_CURA Healthcare Service/h2_Appointment Confirmation' is clicked on

15-01-2025T19:42:23 - [MESSAGE][PASSED] - Object: 'Object Repository/Visual Testing/Page_CURA Healthcare Service/h2_Appointment Confirmation' is clicked on

15-01-2025T19:42:23 - [TEST_STEP][PASSED] - closeBrowser(): Browser is closed

15-01-2025T19:42:24 - [MESSAGE][PASSED] - Browser is closed]]></system-out>
         <system-err><![CDATA[]]></system-err>
      </testcase>
      <system-out><![CDATA[15-01-2025T19:42:10 - [TEST_SUITE][PASSED] - Visual Testing: Test Cases/Visual Testing]]></system-out>
      <system-err><![CDATA[]]></system-err>
   </testsuite>
</testsuites>
